<?xml version="1.0" encoding="UTF-8"?>
<!-- Generated by org.testng.reporters.JUnitXMLReporter -->
<testsuite hostname="Kranthi-Z580" ignored="0" name="Test" tests="2" failures="0" timestamp="2022-04-13T09:45:29 IST" time="5.037" errors="0">
  <testcase name="@BeforeMethod logintoVtiger" time="0.002" classname="com.generic.BaseClass">
    <failure type="java.lang.NoSuchMethodError" message="org.openqa.selenium.support.PageFactory.initElements(Lorg/openqa/selenium/WebDriver;Ljava/lang/Object;)V">
      <![CDATA[java.lang.NoSuchMethodError: org.openqa.selenium.support.PageFactory.initElements(Lorg/openqa/selenium/WebDriver;Ljava/lang/Object;)V
at ObjectRepo.LoginPage.<init>(LoginPage.java:21)
at com.generic.BaseClass.logintoVtiger(BaseClass.java:70)
at java.util.ArrayList.forEach(ArrayList.java:1259)
... Removed 31 stack frames]]>
    </failure>
  </testcase> <!-- @BeforeMethod logintoVtiger -->
  <testcase name="@AfterMethod logout" time="-1.649823329522E9" classname="com.generic.BaseClass">
    <skipped/>
  </testcase> <!-- @AfterMethod logout -->
  <testcase name="@BeforeMethod logintoVtiger" time="-1.649823329525E9" classname="com.generic.BaseClass">
    <skipped/>
  </testcase> <!-- @BeforeMethod logintoVtiger -->
  <testcase name="@AfterMethod logout" time="-1.649823329532E9" classname="com.generic.BaseClass">
    <skipped/>
  </testcase> <!-- @AfterMethod logout -->
  <testcase name="@AfterClass afterClass" time="-1.649823329536E9" classname="com.generic.BaseClass">
    <skipped/>
  </testcase> <!-- @AfterClass afterClass -->
  <testcase name="createcontact" time="0.0" classname="Com.testcases.TC_03CreateContactusingorg">
    <skipped/>
  </testcase> <!-- createcontact -->
  <testcase name="createcontactwithorgTest" time="0.0" classname="Com.testcases.TC_03CreateContactusingorg">
    <skipped/>
  </testcase> <!-- createcontactwithorgTest -->
</testsuite> <!-- Test -->
