<?xml version="1.0" encoding="UTF-8"?>
<!-- Generated by org.testng.reporters.JUnitXMLReporter -->
<testsuite hostname="Kranthi-Z580" ignored="0" name="Test" tests="2" failures="1" timestamp="2022-04-19T15:36:25 IST" time="72.662" errors="0">
  <testcase name="createorgwithDDTest" time="24.606" classname="Com.testcases.Tc_001CreateOrg"/>
  <testcase name="deleteOrgTest" time="19.031" classname="Com.testcases.Tc_001CreateOrg">
    <failure type="org.openqa.selenium.UnhandledAlertException" message="unexpected alert open: {Alert text : Deleting this organization(s) will remove its related Opportunities &amp;amp; Quotes. Are you sure you want to delete the selected 1 records?}
  (Session info: chrome=100.0.4896.88): Deleting this organization(s) will remove its related Opportunities &amp;amp; Quotes. Are you sure you want to delete the selected 1 records?
Build info: version: &amp;apos;4.1.0&amp;apos;, revision: &amp;apos;87802e897b&amp;apos;
System info: host: &amp;apos;KRANTHI-Z580&amp;apos;, ip: &amp;apos;192.168.60.192&amp;apos;, os.name: &amp;apos;Windows 10&amp;apos;, os.arch: &amp;apos;amd64&amp;apos;, os.version: &amp;apos;10.0&amp;apos;, java.version: &amp;apos;1.8.0_291&amp;apos;
Driver info: org.openqa.selenium.chrome.ChromeDriver
Command: [f18195949524338e1c9832b4f3e16830, findElement {using=xpath, value=//span[normalize-space()=&amp;apos;No Organization Found !&amp;apos;]}]
Capabilities {acceptInsecureCerts: false, browserName: chrome, browserVersion: 100.0.4896.88, chrome: {chromedriverVersion: 100.0.4896.60 (6a5d10861ce8..., userDataDir: C:\Users\KALYAN~1\AppData\L...}, goog:chromeOptions: {debuggerAddress: localhost:58723}, javascriptEnabled: true, networkConnectionEnabled: false, pageLoadStrategy: normal, platform: WINDOWS, platformName: WINDOWS, proxy: Proxy(), se:cdp: ws://localhost:58723/devtoo..., se:cdpVersion: 100.0.4896.88, setWindowRect: true, strictFileInteractability: false, timeouts: {implicit: 0, pageLoad: 300000, script: 30000}, unhandledPromptBehavior: dismiss and notify, webauthn:extension:credBlob: true, webauthn:extension:largeBlob: true, webauthn:virtualAuthenticators: true}
Session ID: f18195949524338e1c9832b4f3e16830">
      <![CDATA[org.openqa.selenium.UnhandledAlertException: unexpected alert open: {Alert text : Deleting this organization(s) will remove its related Opportunities & Quotes. Are you sure you want to delete the selected 1 records?}
  (Session info: chrome=100.0.4896.88): Deleting this organization(s) will remove its related Opportunities & Quotes. Are you sure you want to delete the selected 1 records?
Build info: version: '4.1.0', revision: '87802e897b'
System info: host: 'KRANTHI-Z580', ip: '192.168.60.192', os.name: 'Windows 10', os.arch: 'amd64', os.version: '10.0', java.version: '1.8.0_291'
Driver info: org.openqa.selenium.chrome.ChromeDriver
Command: [f18195949524338e1c9832b4f3e16830, findElement {using=xpath, value=//span[normalize-space()='No Organization Found !']}]
Capabilities {acceptInsecureCerts: false, browserName: chrome, browserVersion: 100.0.4896.88, chrome: {chromedriverVersion: 100.0.4896.60 (6a5d10861ce8..., userDataDir: C:\Users\KALYAN~1\AppData\L...}, goog:chromeOptions: {debuggerAddress: localhost:58723}, javascriptEnabled: true, networkConnectionEnabled: false, pageLoadStrategy: normal, platform: WINDOWS, platformName: WINDOWS, proxy: Proxy(), se:cdp: ws://localhost:58723/devtoo..., se:cdpVersion: 100.0.4896.88, setWindowRect: true, strictFileInteractability: false, timeouts: {implicit: 0, pageLoad: 300000, script: 30000}, unhandledPromptBehavior: dismiss and notify, webauthn:extension:credBlob: true, webauthn:extension:largeBlob: true, webauthn:virtualAuthenticators: true}
Session ID: f18195949524338e1c9832b4f3e16830
at org.openqa.selenium.remote.codec.w3c.W3CHttpResponseCodec.decode(W3CHttpResponseCodec.java:131)
at org.openqa.selenium.remote.codec.w3c.W3CHttpResponseCodec.decode(W3CHttpResponseCodec.java:53)
at org.openqa.selenium.remote.HttpCommandExecutor.execute(HttpCommandExecutor.java:184)
at org.openqa.selenium.remote.service.DriverCommandExecutor.invokeExecute(DriverCommandExecutor.java:164)
at org.openqa.selenium.remote.service.DriverCommandExecutor.execute(DriverCommandExecutor.java:139)
at org.openqa.selenium.remote.RemoteWebDriver.execute(RemoteWebDriver.java:559)
at org.openqa.selenium.remote.ElementLocation$ElementFinder$2.findElement(ElementLocation.java:162)
at org.openqa.selenium.remote.ElementLocation.findElement(ElementLocation.java:60)
at org.openqa.selenium.remote.RemoteWebDriver.findElement(RemoteWebDriver.java:383)
at org.openqa.selenium.remote.RemoteWebDriver.findElement(RemoteWebDriver.java:375)
at org.openqa.selenium.support.pagefactory.DefaultElementLocator.findElement(DefaultElementLocator.java:70)
at org.openqa.selenium.support.pagefactory.internal.LocatingElementHandler.invoke(LocatingElementHandler.java:39)
at com.sun.proxy.$Proxy18.getText(Unknown Source)
at Com.testcases.Tc_001CreateOrg.deleteOrgTest(Tc_001CreateOrg.java:96)
at java.util.ArrayList.forEach(ArrayList.java:1259)
... Removed 27 stack frames]]>
    </failure>
  </testcase> <!-- deleteOrgTest -->
</testsuite> <!-- Test -->
